c:\users\matt0\source\repos\warno_api_v2\warno_api_v2\x64\debug\vc143.pdb
c:\users\matt0\source\repos\warno_api_v2\warno_api_v2\x64\debug\vc143.idb
c:\users\matt0\source\repos\warno_api_v2\warno_api_v2\x64\debug\write_new_values.obj
c:\users\matt0\source\repos\warno_api_v2\warno_api_v2\x64\debug\warno_api_v2.obj
c:\users\matt0\source\repos\warno_api_v2\warno_api_v2\x64\debug\unit_selector.obj
c:\users\matt0\source\repos\warno_api_v2\warno_api_v2\x64\debug\search_bar.obj
c:\users\matt0\source\repos\warno_api_v2\warno_api_v2\x64\debug\imgui_widgets.obj
c:\users\matt0\source\repos\warno_api_v2\warno_api_v2\x64\debug\imgui_tables.obj
c:\users\matt0\source\repos\warno_api_v2\warno_api_v2\x64\debug\imgui_draw.obj
c:\users\matt0\source\repos\warno_api_v2\warno_api_v2\x64\debug\imgui_demo.obj
c:\users\matt0\source\repos\warno_api_v2\warno_api_v2\x64\debug\imgui.obj
c:\users\matt0\source\repos\warno_api_v2\warno_api_v2\x64\debug\imgui_impl_win32.obj
c:\users\matt0\source\repos\warno_api_v2\warno_api_v2\x64\debug\imgui_impl_dx9.obj
c:\users\matt0\source\repos\warno_api_v2\warno_api_v2\x64\debug\get_original_data.obj
c:\users\matt0\source\repos\warno_api_v2\warno_api_v2\x64\debug\choose_directory.obj
c:\users\matt0\source\repos\warno_api_v2\warno_api_v2\x64\debug\warno_api_v2.ilk
c:\users\matt0\source\repos\warno_api_v2\x64\debug\warno_api_v2.exe
c:\users\matt0\source\repos\warno_api_v2\x64\debug\warno_api_v2.pdb
c:\users\matt0\source\repos\warno_api_v2\warno_api_v2\x64\debug\warno_api_v2.tlog\cl.command.1.tlog
c:\users\matt0\source\repos\warno_api_v2\warno_api_v2\x64\debug\warno_api_v2.tlog\cl.items.tlog
c:\users\matt0\source\repos\warno_api_v2\warno_api_v2\x64\debug\warno_api_v2.tlog\cl.read.1.tlog
c:\users\matt0\source\repos\warno_api_v2\warno_api_v2\x64\debug\warno_api_v2.tlog\cl.write.1.tlog
c:\users\matt0\source\repos\warno_api_v2\warno_api_v2\x64\debug\warno_api_v2.tlog\link.command.1.tlog
c:\users\matt0\source\repos\warno_api_v2\warno_api_v2\x64\debug\warno_api_v2.tlog\link.read.1.tlog
c:\users\matt0\source\repos\warno_api_v2\warno_api_v2\x64\debug\warno_api_v2.tlog\link.write.1.tlog
